<?xml version="1.0" encoding="UTF-8"?>
<testsuites>
  <testsuite name="CodeIgniter Application Test Suite" tests="1" assertions="2" failures="0" errors="0" time="0.012544">
    <testsuite name="User_test" file="/var/www/html/ci-test-unit/application/tests/controllers/User_test.php" tests="1" assertions="2" failures="0" errors="0" time="0.012544">
      <testcase name="test_user" class="User_test" file="/var/www/html/ci-test-unit/application/tests/controllers/User_test.php" line="13" assertions="2" time="0.012544"/>
    </testsuite>
  </testsuite>
</testsuites>
