<?xml version="1.0" encoding="UTF-8"?>
<testsuites>
  <testsuite name="CodeIgniter Application Test Suite" tests="1" assertions="1" failures="1" errors="0" time="0.012454">
    <testsuite name="User_test" file="/var/www/html/ci-test-unit/application/tests/controllers/User_test.php" tests="1" assertions="1" failures="1" errors="0" time="0.012454">
      <testcase name="test_user" class="User_test" file="/var/www/html/ci-test-unit/application/tests/controllers/User_test.php" line="13" assertions="1" time="0.012454">
        <failure type="PHPUnit_Framework_ExpectationFailedException">User_test::test_user
Failed asserting that two strings are equal.
--- Expected
+++ Actual
@@ @@
-'{"id":1,"name":"Jim","email":"jim@example.com"}'
+'
+An uncaught Exception was encountered
+
+Type:        RuntimeException
+Message:     call_user_func_array() expects parameter 1 to be a valid callback, class 'Api' does not have a method 'index_post' on line 739 in file /var/www/html/ci-test-unit/application/libraries/REST_Controller.php
+Filename:    /var/www/html/ci-test-unit/vendor/kenjis/ci-phpunit-test/application/tests/_ci_phpunit_test/CIPHPUnitTestCase.php
+Line Number: 176
+
+Backtrace:
+	File: /var/www/html/ci-test-unit/application/libraries/REST_Controller.php
+	Line: 739
+	Function: {closure}
+
+	File: /var/www/html/ci-test-unit/vendor/kenjis/ci-phpunit-test/application/tests/_ci_phpunit_test/CIPHPUnitTestRequest.php
+	Line: 368
+	Function: _remap
+
+	File: /var/www/html/ci-test-unit/vendor/kenjis/ci-phpunit-test/application/tests/_ci_phpunit_test/CIPHPUnitTestRequest.php
+	Line: 297
+	Function: createAndCallController
+
+	File: /var/www/html/ci-test-unit/vendor/kenjis/ci-phpunit-test/application/tests/_ci_phpunit_test/CIPHPUnitTestRequest.php
+	Line: 160
+	Function: requestUri
+
+	File: /var/www/html/ci-test-unit/vendor/kenjis/ci-phpunit-test/application/tests/_ci_phpunit_test/CIPHPUnitTestCase.php
+	Line: 151
+	Function: request
+
+	File: /var/www/html/ci-test-unit/application/tests/controllers/User_test.php
+	Line: 16
+	Function: request
+
+	File: /var/www/html/ci-test-unit/vendor/phpunit/phpunit/src/Framework/TestCase.php
+	Line: 1062
+	Function: invokeArgs
+
+	File: /var/www/html/ci-test-unit/vendor/phpunit/phpunit/src/Framework/TestCase.php
+	Line: 913
+	Function: runTest
+
+	File: /var/www/html/ci-test-unit/vendor/phpunit/phpunit/src/Framework/TestResult.php
+	Line: 686
+	Function: runBare
+
+	File: /var/www/html/ci-test-unit/vendor/phpunit/phpunit/src/Framework/TestCase.php
+	Line: 868
+	Function: run
+
+	File: /var/www/html/ci-test-unit/vendor/phpunit/phpunit/src/Framework/TestSuite.php
+	Line: 733
+	Function: run
+
+	File: /var/www/html/ci-test-unit/vendor/phpunit/phpunit/src/Framework/TestSuite.php
+	Line: 733
+	Function: run
+
+	File: /var/www/html/ci-test-unit/vendor/phpunit/phpunit/src/TextUI/TestRunner.php
+	Line: 517
+	Function: run
+
+	File: /var/www/html/ci-test-unit/vendor/phpunit/phpunit/src/TextUI/Command.php
+	Line: 186
+	Function: doRun
+
+	File: /var/www/html/ci-test-unit/vendor/phpunit/phpunit/src/TextUI/Command.php
+	Line: 116
+	Function: run
+
+	File: /var/www/html/ci-test-unit/vendor/phpunit/phpunit/phpunit
+	Line: 52
+	Function: main
+
+
+{"status":false,"error":"Unknown method"}'

/var/www/html/ci-test-unit/application/tests/controllers/User_test.php:25
/var/www/html/ci-test-unit/vendor/phpunit/phpunit/phpunit:52
</failure>
      </testcase>
    </testsuite>
  </testsuite>
</testsuites>
